<?xml version="1.0" encoding="utf-8"?><testsuites name="pytest tests"><testsuite name="pytest" errors="0" failures="0" skipped="0" tests="17" time="2.323" timestamp="2026-05-09T00:25:34.886496+00:00" hostname="agent-env-6899c976-fe84-4422-8396-ecf46057a374"><testcase classname="backend.tests.test_cursive_api.TestRoot" name="test_root_welcome" time="0.260" /><testcase classname="backend.tests.test_cursive_api.TestContent" name="test_list_all_content_returns_27" time="0.074" /><testcase classname="backend.tests.test_cursive_api.TestContent" name="test_filter_by_poetry" time="0.073" /><testcase classname="backend.tests.test_cursive_api.TestContent" name="test_categories_endpoint_has_8" time="0.073" /><testcase classname="backend.tests.test_cursive_api.TestContent" name="test_get_single_content_by_id" time="0.143" /><testcase classname="backend.tests.test_cursive_api.TestContent" name="test_get_content_404" time="0.076" /><testcase classname="backend.tests.test_cursive_api.TestArchive" name="test_list_archive_returns_5" time="0.070" /><testcase classname="backend.tests.test_cursive_api.TestArchive" name="test_get_single_archive" time="0.168" /><testcase classname="backend.tests.test_cursive_api.TestArchive" name="test_archive_404" time="0.069" /><testcase classname="backend.tests.test_cursive_api.TestSessions" name="test_create_and_list_sessions" time="0.218" /><testcase classname="backend.tests.test_cursive_api.TestProgress" name="test_progress_for_user" time="0.068" /><testcase classname="backend.tests.test_cursive_api.TestProgress" name="test_progress_for_unknown_user_returns_zeros" time="0.066" /><testcase classname="backend.tests.test_cursive_api.TestProfiles" name="test_create_and_update_profile" time="0.204" /><testcase classname="backend.tests.test_cursive_api.TestProfiles" name="test_profile_404" time="0.069" /><testcase classname="backend.tests.test_cursive_api.TestFavorites" name="test_add_list_remove_favorite" time="0.418" /><testcase classname="backend.tests.test_cursive_api.TestPenpal" name="test_penpal_signup" time="0.138" /><testcase classname="backend.tests.test_cursive_api.TestPenpal" name="test_penpal_invalid_email" time="0.069" /></testsuite></testsuites>